#
# A fatal error has been detected by the Java Runtime Environment:
#
#  SIGBUS (0xa) at pc=0x0000000104f8f7a4, pid=28217, tid=0x0000000000005403
#
# JRE version: Java(TM) SE Runtime Environment (8.0_221-b11) (build 1.8.0_221-b11)
# Java VM: Java HotSpot(TM) 64-Bit Server VM (25.221-b11 mixed mode bsd-amd64 compressed oops)
# Problematic frame:
# V  [libjvm.dylib+0x1e27a4]
#
# Failed to write core dump. Core dumps have been disabled. To enable core dumping, try "ulimit -c unlimited" before starting Java again
#
# If you would like to submit a bug report, please visit:
#   http://bugreport.java.com/bugreport/crash.jsp
#

---------------  T H R E A D  ---------------

Current thread (0x00007fb339021000):  VMThread [stack: 0x0000700005f7f000,0x000070000607f000] [id=21507]

siginfo: si_signo: 10 (SIGBUS), si_code: 2 (BUS_ADRERR), si_addr: 0x0000000119df6300

Registers:
RAX=0x0000000119c621d0, RBX=0x0000000119c61bb0, RCX=0x0000000000194120, RDX=0x0000000000000000
RSP=0x000070000607e130, RBP=0x000070000607e130, RSI=0x000000000000ca09, RDI=0x0000000119c61bb0
R8 =0x00000000000000a6, R9 =0x0000000042000000, R10=0x0000000000000032, R11=0xffffffffff5c40b0
R12=0x000070000607e5e8, R13=0x0000000119c620e8, R14=0x0000000000000000, R15=0x000070000607e798
RIP=0x0000000104f8f7a4, EFLAGS=0x0000000000010202, ERR=0x0000000000000004
  TRAPNO=0x000000000000000e

Top of Stack: (sp=0x000070000607e130)
0x000070000607e130:   000070000607e150 0000000104f8f7ca
0x000070000607e140:   0000000000000000 00000000000000a6
0x000070000607e150:   000070000607e5d0 0000000105036944
0x000070000607e160:   0000000795940e88 00000001055d91c0
0x000070000607e170:   000000011a019080 0000000000000014
0x000070000607e180:   000000070000000c 000070000607e198
0x000070000607e190:   0000000700000001 2fffffff4fffffff
0x000070000607e1a0:   0000000795933808 0000000795932040
0x000070000607e1b0:   000000079592fc08 000000079592fb88
0x000070000607e1c0:   000000079592fa48 0000000795929420
0x000070000607e1d0:   00000007959293a0 00000007959267e0
0x000070000607e1e0:   000000079590e588 000000079590cfd0
0x000070000607e1f0:   000000079590c328 0000000795908d18
0x000070000607e200:   0000000795908600 0000000795907cc0
0x000070000607e210:   0000000795906740 0000000795905020
0x000070000607e220:   0000000795903eb0 0000000795902c70
0x000070000607e230:   0000000795902800 00000007958f8ba8
0x000070000607e240:   00000007958f7dc8 00000007958f69e8
0x000070000607e250:   00000007958f5ec0 00000007958f5e40
0x000070000607e260:   00000007958f0bf8 00000007958f0b78
0x000070000607e270:   00000007958ef220 00000007958e91f8
0x000070000607e280:   00000007958e8e20 00000007958e70e0
0x000070000607e290:   00000007958e5ce0 00000007958e5c60
0x000070000607e2a0:   00000007958e5c60 00000007958e4a70
0x000070000607e2b0:   00000007958e49e8 00000007958e22f0
0x000070000607e2c0:   00000007958e2270 00000007958e03d0
0x000070000607e2d0:   00000007958e0350 00000007958dfb88
0x000070000607e2e0:   00000007958dd9f8 00000007958dd980
0x000070000607e2f0:   00000007958dd580 00000007958dd508
0x000070000607e300:   00000007958d9778 00000007958d9700
0x000070000607e310:   00000007958d9350 00000007958d91a8
0x000070000607e320:   00000007958d5f40 00000007958d5af8 

Instructions: (pc=0x0000000104f8f7a4)
0x0000000104f8f784:   63 ce 48 c1 e1 05 ba ff ff 00 00 48 23 54 08 10
0x0000000104f8f794:   8b 44 d7 50 c1 e8 10 5d c3 48 63 ce 48 c1 e1 05
0x0000000104f8f7a4:   48 8b 4c 08 10 0f b7 f1 48 63 c6 8b 44 c7 50 eb
0x0000000104f8f7b4:   e3 90 55 48 89 e5 53 48 83 ec 08 48 89 fb 48 89 

Register to memory mapping:

RAX=0x0000000119c621d0 is pointing into metadata
RBX=0x0000000119c61bb0 is pointing into metadata
RCX=0x0000000000194120 is an unknown value
RDX=0x0000000000000000 is an unknown value
RSP=0x000070000607e130 is an unknown value
RBP=0x000070000607e130 is an unknown value
RSI=0x000000000000ca09 is an unknown value
RDI=0x0000000119c61bb0 is pointing into metadata
R8 =0x00000000000000a6 is an unknown value
R9 =0x0000000042000000 is an unknown value
R10=0x0000000000000032 is an unknown value
R11=0xffffffffff5c40b0 is an unknown value
R12=0x000070000607e5e8 is an unknown value
R13={method} {0x0000000119c620e8} 'main' '([Ljava/lang/String;)V' in 'com/class12_String_Manupilation/Wednesday'
R14=0x0000000000000000 is an unknown value
R15=0x000070000607e798 is an unknown value


Stack: [0x0000700005f7f000,0x000070000607f000],  sp=0x000070000607e130,  free space=1020k
Native frames: (J=compiled Java code, j=interpreted, Vv=VM code, C=native code)
V  [libjvm.dylib+0x1e27a4]
V  [libjvm.dylib+0x1e27ca]
V  [libjvm.dylib+0x289944]
V  [libjvm.dylib+0x28b608]
V  [libjvm.dylib+0x28b857]
V  [libjvm.dylib+0x28bdee]
V  [libjvm.dylib+0x28c207]
V  [libjvm.dylib+0x4861f5]
V  [libjvm.dylib+0x4863fe]
V  [libjvm.dylib+0x4865df]
V  [libjvm.dylib+0x486896]
V  [libjvm.dylib+0x2c3b34]
V  [libjvm.dylib+0x453f21]
V  [libjvm.dylib+0x39c033]
V  [libjvm.dylib+0x5be615]
V  [libjvm.dylib+0x5bcbad]
V  [libjvm.dylib+0x5bcffa]
V  [libjvm.dylib+0x5bc919]
V  [libjvm.dylib+0x48f30a]
C  [libsystem_pthread.dylib+0x5d76]  _pthread_start+0x7d
C  [libsystem_pthread.dylib+0x25d7]  thread_start+0xf

VM_Operation (0x00007000065909f8): GetOrSetLocal, mode: safepoint, requested by thread 0x00007fb33a80a000


---------------  P R O C E S S  ---------------

Java Threads: ( => current thread )
  0x00007fb33983b000 JavaThread "Service Thread" daemon [_thread_blocked, id=14083, stack(0x0000700006aa3000,0x0000700006ba3000)]
  0x00007fb33983a000 JavaThread "C1 CompilerThread2" daemon [_thread_blocked, id=16387, stack(0x00007000069a0000,0x0000700006aa0000)]
  0x00007fb339839800 JavaThread "C2 CompilerThread1" daemon [_thread_blocked, id=13827, stack(0x000070000689d000,0x000070000699d000)]
  0x00007fb339838800 JavaThread "C2 CompilerThread0" daemon [_thread_blocked, id=17155, stack(0x000070000679a000,0x000070000689a000)]
  0x00007fb33a80b000 JavaThread "JDWP Command Reader" daemon [_thread_in_native, id=13315, stack(0x0000700006697000,0x0000700006797000)]
  0x00007fb33a807800 JavaThread "JDWP Event Helper Thread" daemon [_thread_blocked, id=17667, stack(0x0000700006594000,0x0000700006694000)]
  0x00007fb33a80a000 JavaThread "JDWP Transport Listener: dt_socket" daemon [_thread_blocked, id=17927, stack(0x0000700006491000,0x0000700006591000)]
  0x00007fb33a049800 JavaThread "Signal Dispatcher" daemon [_thread_blocked, id=18435, stack(0x000070000638e000,0x000070000648e000)]
  0x00007fb33902f800 JavaThread "Finalizer" daemon [_thread_blocked, id=11523, stack(0x0000700006185000,0x0000700006285000)]
  0x00007fb33a807000 JavaThread "Reference Handler" daemon [_thread_blocked, id=20995, stack(0x0000700006082000,0x0000700006182000)]
  0x00007fb33a801000 JavaThread "main" [_thread_blocked, id=3587, stack(0x0000700005a70000,0x0000700005b70000)]

Other Threads:
=>0x00007fb339021000 VMThread [stack: 0x0000700005f7f000,0x000070000607f000] [id=21507]
  0x00007fb33980f800 WatcherThread [stack: 0x0000700006ba6000,0x0000700006ca6000] [id=15875]

VM state:at safepoint (normal execution)

VM Mutex/Monitor currently owned by a thread:  ([mutex/lock_event])
[0x00007fb338f02a70] Threads_lock - owner thread: 0x00007fb339021000

heap address: 0x0000000740000000, size: 2048 MB, Compressed Oops mode: Zero based, Oop shift amount: 3
Narrow klass base: 0x0000000000000000, Narrow klass shift: 3
Compressed class space size: 1073741824 Address: 0x00000007c0000000

Heap:
 PSYoungGen      total 38400K, used 6020K [0x0000000795580000, 0x0000000798000000, 0x00000007c0000000)
  eden space 33280K, 18% used [0x0000000795580000,0x0000000795b611a0,0x0000000797600000)
  from space 5120K, 0% used [0x0000000797b00000,0x0000000797b00000,0x0000000798000000)
  to   space 5120K, 0% used [0x0000000797600000,0x0000000797600000,0x0000000797b00000)
 ParOldGen       total 87552K, used 0K [0x0000000740000000, 0x0000000745580000, 0x0000000795580000)
  object space 87552K, 0% used [0x0000000740000000,0x0000000740000000,0x0000000745580000)
 Metaspace       used 4904K, capacity 5010K, committed 5248K, reserved 1056768K
  class space    used 512K, capacity 561K, committed 640K, reserved 1048576K

Card table byte_map: [0x0000000114d66000,0x0000000115167000] byte_map_base: 0x0000000111366000

Marking Bits: (ParMarkBitMap*) 0x00000001056a8e40
 Begin Bits: [0x0000000115412000, 0x0000000117412000)
 End Bits:   [0x0000000117412000, 0x0000000119412000)

Polling page: 0x0000000103f94000

CodeCache: size=245760Kb used=1341Kb max_used=1344Kb free=244418Kb
 bounds [0x0000000105d66000, 0x0000000105fd6000, 0x0000000114d66000]
 total_blobs=404 nmethods=120 adapters=206
 compilation: enabled

Compilation events (10 events):
Event: 332.154 Thread 0x00007fb33983a000 nmethod 116 0x0000000105eb2990 code [0x0000000105eb2b20, 0x0000000105eb2ea8]
Event: 332.154 Thread 0x00007fb33983a000  117       3       org.eclipse.jdt.launching.internal.org.objectweb.asm.ClassReader::readUtf (44 bytes)
Event: 332.154 Thread 0x00007fb33983a000 nmethod 117 0x0000000105eb1fd0 code [0x0000000105eb2160, 0x0000000105eb2608]
Event: 332.154 Thread 0x00007fb339839800 nmethod 115 0x0000000105eb1c90 code [0x0000000105eb1de0, 0x0000000105eb1ef8]
Event: 426.295 Thread 0x00007fb33983a000  118       3       org.eclipse.jdt.launching.internal.org.objectweb.asm.Symbol::<init> (38 bytes)
Event: 426.295 Thread 0x00007fb33983a000 nmethod 118 0x0000000105eb1850 code [0x0000000105eb19c0, 0x0000000105eb1bd0]
Event: 426.295 Thread 0x00007fb33983a000  119       3       org.eclipse.jdt.launching.internal.org.objectweb.asm.SymbolTable::put (150 bytes)
Event: 426.296 Thread 0x00007fb33983a000 nmethod 119 0x0000000105eb6890 code [0x0000000105eb6a40, 0x0000000105eb71b0]
Event: 426.296 Thread 0x00007fb33983a000  120       3       org.eclipse.jdt.launching.internal.org.objectweb.asm.SymbolTable::addConstantUtf8 (98 bytes)
Event: 426.300 Thread 0x00007fb33983a000 nmethod 120 0x0000000105eb5a90 code [0x0000000105eb5c80, 0x0000000105eb6458]

GC Heap History (0 events):
No events

Deoptimization events (0 events):
No events

Classes redefined (3 events):
Event: 245.394 Thread 0x00007fb339021000 redefined class name=com.class12_String_Manupilation.Wednesday, count=1
Event: 332.153 Thread 0x00007fb339021000 redefined class name=com.class12_String_Manupilation.Wednesday, count=2
Event: 426.297 Thread 0x00007fb339021000 redefined class name=com.class12_String_Manupilation.Wednesday, count=3

Internal exceptions (2 events):
Event: 0.041 Thread 0x00007fb33a801000 Exception <a 'java/lang/NoSuchMethodError': Method sun.misc.Unsafe.defineClass(Ljava/lang/String;[BII)Ljava/lang/Class; name or signature does not match> (0x0000000795587cb8) thrown at [/Users/java_re/workspace/8-2-build-macosx-x86_64/jdk8u221/13320/hotsp
Event: 0.041 Thread 0x00007fb33a801000 Exception <a 'java/lang/NoSuchMethodError': Method sun.misc.Unsafe.prefetchRead(Ljava/lang/Object;J)V name or signature does not match> (0x0000000795587fa0) thrown at [/Users/java_re/workspace/8-2-build-macosx-x86_64/jdk8u221/13320/hotspot/src/share/vm/pr

Events (10 events):
Event: 438.674 Executing VM operation: GetOwnedMonitorInfo done
Event: 439.039 Executing VM operation: GetOwnedMonitorInfo
Event: 439.039 Executing VM operation: GetOwnedMonitorInfo done
Event: 439.044 Executing VM operation: GetCurrentContendedMonitor
Event: 439.044 Executing VM operation: GetCurrentContendedMonitor done
Event: 439.175 Executing VM operation: GetCurrentContendedMonitor
Event: 439.175 Executing VM operation: GetCurrentContendedMonitor done
Event: 439.175 Executing VM operation: GetOwnedMonitorInfo
Event: 439.175 Executing VM operation: GetOwnedMonitorInfo done
Event: 439.299 Executing VM operation: GetOrSetLocal


Dynamic libraries:
0x00007fff35af5000 	/System/Library/Frameworks/Cocoa.framework/Versions/A/Cocoa
0x00007fff4309c000 	/System/Library/Frameworks/Security.framework/Versions/A/Security
0x00007fff34a9b000 	/System/Library/Frameworks/ApplicationServices.framework/Versions/A/ApplicationServices
0x00007fff6d0f7000 	/usr/lib/libz.1.dylib
0x00007fff6abff000 	/usr/lib/libSystem.B.dylib
0x00007fff6ca22000 	/usr/lib/libobjc.A.dylib
0x00007fff36a5a000 	/System/Library/Frameworks/CoreFoundation.framework/Versions/A/CoreFoundation
0x00007fff39115000 	/System/Library/Frameworks/Foundation.framework/Versions/C/Foundation
0x00007fff33c9f000 	/System/Library/Frameworks/AppKit.framework/Versions/C/AppKit
0x00007fff36574000 	/System/Library/Frameworks/CoreData.framework/Versions/A/CoreData
0x00007fff674b0000 	/System/Library/PrivateFrameworks/UIFoundation.framework/Versions/A/UIFoundation
0x00007fff61d50000 	/System/Library/PrivateFrameworks/RemoteViewServices.framework/Versions/A/RemoteViewServices
0x00007fff69f30000 	/System/Library/PrivateFrameworks/XCTTargetBootstrap.framework/Versions/A/XCTTargetBootstrap
0x00007fff3694f000 	/System/Library/Frameworks/CoreDisplay.framework/Versions/A/CoreDisplay
0x00007fff3be4d000 	/System/Library/Frameworks/Metal.framework/Versions/A/Metal
0x00007fff502bd000 	/System/Library/PrivateFrameworks/DesktopServicesPriv.framework/Versions/A/DesktopServicesPriv
0x00007fff6bd1a000 	/usr/lib/liblangid.dylib
0x00007fff4f419000 	/System/Library/PrivateFrameworks/CoreSVG.framework/Versions/A/CoreSVG
0x00007fff64a80000 	/System/Library/PrivateFrameworks/SkyLight.framework/Versions/A/SkyLight
0x00007fff36edb000 	/System/Library/Frameworks/CoreGraphics.framework/Versions/A/CoreGraphics
0x00007fff32840000 	/System/Library/Frameworks/Accelerate.framework/Versions/A/Accelerate
0x00007fff6cfe8000 	/usr/lib/libxml2.2.dylib
0x00007fff5ae88000 	/System/Library/PrivateFrameworks/IconServices.framework/Versions/A/IconServices
0x00007fff398d3000 	/System/Library/Frameworks/IOSurface.framework/Versions/A/IOSurface
0x00007fff6a738000 	/usr/lib/libDiagnosticMessagesClient.dylib
0x00007fff50137000 	/System/Library/PrivateFrameworks/DFRFoundation.framework/Versions/A/DFRFoundation
0x00007fff6baa8000 	/usr/lib/libicucore.A.dylib
0x00007fff34dcd000 	/System/Library/Frameworks/AudioToolbox.framework/Versions/A/AudioToolbox
0x00007fff34eaf000 	/System/Library/Frameworks/AudioUnit.framework/Versions/A/AudioUnit
0x00007fff6ae01000 	/usr/lib/libauto.dylib
0x00007fff501b7000 	/System/Library/PrivateFrameworks/DataDetectorsCore.framework/Versions/A/DataDetectorsCore
0x00007fff35616000 	/System/Library/Frameworks/Carbon.framework/Versions/A/Frameworks/HIToolbox.framework/Versions/A/HIToolbox
0x00007fff42294000 	/System/Library/Frameworks/QuartzCore.framework/Versions/A/QuartzCore
0x00007fff35955000 	/System/Library/Frameworks/Carbon.framework/Versions/A/Frameworks/SpeechRecognition.framework/Versions/A/SpeechRecognition
0x00007fff4fab9000 	/System/Library/PrivateFrameworks/CoreUI.framework/Versions/A/CoreUI
0x00007fff35fda000 	/System/Library/Frameworks/CoreAudio.framework/Versions/A/CoreAudio
0x00007fff38de2000 	/System/Library/Frameworks/DiskArbitration.framework/Versions/A/DiskArbitration
0x00007fff5cf6e000 	/System/Library/PrivateFrameworks/MultitouchSupport.framework/Versions/A/MultitouchSupport
0x00007fff6b973000 	/usr/lib/libenergytrace.dylib
0x00007fff3982e000 	/System/Library/Frameworks/IOKit.framework/Versions/A/IOKit
0x00007fff37e41000 	/System/Library/Frameworks/CoreServices.framework/Versions/A/CoreServices
0x00007fff5efc3000 	/System/Library/PrivateFrameworks/PerformanceAnalysis.framework/Versions/A/PerformanceAnalysis
0x00007fff412cc000 	/System/Library/Frameworks/OpenGL.framework/Versions/A/OpenGL
0x00007fff35b03000 	/System/Library/Frameworks/ColorSync.framework/Versions/A/ColorSync
0x00007fff37562000 	/System/Library/Frameworks/CoreImage.framework/Versions/A/CoreImage
0x00007fff388b5000 	/System/Library/Frameworks/CoreText.framework/Versions/A/CoreText
0x00007fff39956000 	/System/Library/Frameworks/ImageIO.framework/Versions/A/ImageIO
0x00007fff6aedd000 	/usr/lib/libc++.1.dylib
0x00007fff6af59000 	/usr/lib/libcompression.dylib
0x00007fff6aa79000 	/usr/lib/libMobileGestalt.dylib
0x00007fff665a3000 	/System/Library/PrivateFrameworks/TextureIO.framework/Versions/A/TextureIO
0x00007fff6ad67000 	/usr/lib/libate.dylib
0x00007fff5b08e000 	/System/Library/PrivateFrameworks/InternationalSupport.framework/Versions/A/InternationalSupport
0x00007fff6db6e000 	/usr/lib/system/libcache.dylib
0x00007fff6db74000 	/usr/lib/system/libcommonCrypto.dylib
0x00007fff6db80000 	/usr/lib/system/libcompiler_rt.dylib
0x00007fff6db88000 	/usr/lib/system/libcopyfile.dylib
0x00007fff6db92000 	/usr/lib/system/libcorecrypto.dylib
0x00007fff6dd40000 	/usr/lib/system/libdispatch.dylib
0x00007fff6dd82000 	/usr/lib/system/libdyld.dylib
0x00007fff6ddb8000 	/usr/lib/system/libkeymgr.dylib
0x00007fff6ddc6000 	/usr/lib/system/liblaunch.dylib
0x00007fff6ddc7000 	/usr/lib/system/libmacho.dylib
0x00007fff6ddcd000 	/usr/lib/system/libquarantine.dylib
0x00007fff6ddd0000 	/usr/lib/system/libremovefile.dylib
0x00007fff6ddd2000 	/usr/lib/system/libsystem_asl.dylib
0x00007fff6ddea000 	/usr/lib/system/libsystem_blocks.dylib
0x00007fff6ddeb000 	/usr/lib/system/libsystem_c.dylib
0x00007fff6de73000 	/usr/lib/system/libsystem_configuration.dylib
0x00007fff6de77000 	/usr/lib/system/libsystem_coreservices.dylib
0x00007fff6de7b000 	/usr/lib/system/libsystem_darwin.dylib
0x00007fff6de83000 	/usr/lib/system/libsystem_dnssd.dylib
0x00007fff6de8b000 	/usr/lib/system/libsystem_featureflags.dylib
0x00007fff6de8d000 	/usr/lib/system/libsystem_info.dylib
0x00007fff6df08000 	/usr/lib/system/libsystem_m.dylib
0x00007fff6df50000 	/usr/lib/system/libsystem_malloc.dylib
0x00007fff6df78000 	/usr/lib/system/libsystem_networkextension.dylib
0x00007fff6df86000 	/usr/lib/system/libsystem_notify.dylib
0x00007fff6dfa5000 	/usr/lib/system/libsystem_sandbox.dylib
0x00007fff6dfaa000 	/usr/lib/system/libsystem_secinit.dylib
0x00007fff6dedb000 	/usr/lib/system/libsystem_kernel.dylib
0x00007fff6df90000 	/usr/lib/system/libsystem_platform.dylib
0x00007fff6df9a000 	/usr/lib/system/libsystem_pthread.dylib
0x00007fff6dfad000 	/usr/lib/system/libsystem_symptoms.dylib
0x00007fff6dfb5000 	/usr/lib/system/libsystem_trace.dylib
0x00007fff6dfcd000 	/usr/lib/system/libunwind.dylib
0x00007fff6dfd3000 	/usr/lib/system/libxpc.dylib
0x00007fff6af31000 	/usr/lib/libc++abi.dylib
0x00007fff6bd1c000 	/usr/lib/liblzma.5.dylib
0x00007fff6b99b000 	/usr/lib/libfakelink.dylib
0x00007fff6acf4000 	/usr/lib/libarchive.2.dylib
0x00007fff442b0000 	/System/Library/Frameworks/SystemConfiguration.framework/Versions/A/SystemConfiguration
0x00007fff6a669000 	/usr/lib/libCRFSuite.dylib
0x00007fff35225000 	/System/Library/Frameworks/CFNetwork.framework/Versions/A/CFNetwork
0x00007fff6aebf000 	/usr/lib/libbsm.0.dylib
0x00007fff6ddb9000 	/usr/lib/system/libkxld.dylib
0x00007fff49cb6000 	/System/Library/PrivateFrameworks/AppleFSCompression.framework/Versions/A/AppleFSCompression
0x00007fff6b232000 	/usr/lib/libcoretls.dylib
0x00007fff6b249000 	/usr/lib/libcoretls_cfhelpers.dylib
0x00007fff6ca66000 	/usr/lib/libpam.2.dylib
0x00007fff6cb95000 	/usr/lib/libsqlite3.dylib
0x00007fff6cfd5000 	/usr/lib/libxar.1.dylib
0x00007fff6aed0000 	/usr/lib/libbz2.1.0.dylib
0x00007fff6b9b7000 	/usr/lib/libiconv.2.dylib
0x00007fff6af46000 	/usr/lib/libcharset.1.dylib
0x00007fff6c512000 	/usr/lib/libnetwork.dylib
0x00007fff6ca6d000 	/usr/lib/libpcap.A.dylib
0x00007fff6aca9000 	/usr/lib/libapple_nghttp2.dylib
0x00007fff381f8000 	/System/Library/Frameworks/CoreServices.framework/Versions/A/Frameworks/FSEvents.framework/Versions/A/FSEvents
0x00007fff37ec8000 	/System/Library/Frameworks/CoreServices.framework/Versions/A/Frameworks/CarbonCore.framework/Versions/A/CarbonCore
0x00007fff3843a000 	/System/Library/Frameworks/CoreServices.framework/Versions/A/Frameworks/Metadata.framework/Versions/A/Metadata
0x00007fff384d3000 	/System/Library/Frameworks/CoreServices.framework/Versions/A/Frameworks/OSServices.framework/Versions/A/OSServices
0x00007fff38501000 	/System/Library/Frameworks/CoreServices.framework/Versions/A/Frameworks/SearchKit.framework/Versions/A/SearchKit
0x00007fff37e42000 	/System/Library/Frameworks/CoreServices.framework/Versions/A/Frameworks/AE.framework/Versions/A/AE
0x00007fff38201000 	/System/Library/Frameworks/CoreServices.framework/Versions/A/Frameworks/LaunchServices.framework/Versions/A/LaunchServices
0x00007fff381aa000 	/System/Library/Frameworks/CoreServices.framework/Versions/A/Frameworks/DictionaryServices.framework/Versions/A/DictionaryServices
0x00007fff38569000 	/System/Library/Frameworks/CoreServices.framework/Versions/A/Frameworks/SharedFileList.framework/Versions/A/SharedFileList
0x00007fff3d122000 	/System/Library/Frameworks/NetFS.framework/Versions/A/NetFS
0x00007fff5d40e000 	/System/Library/PrivateFrameworks/NetAuth.framework/Versions/A/NetAuth
0x00007fff6a2f9000 	/System/Library/PrivateFrameworks/login.framework/Versions/A/Frameworks/loginsupport.framework/Versions/A/loginsupport
0x00007fff660a9000 	/System/Library/PrivateFrameworks/TCC.framework/Versions/A/TCC
0x00007fff4e7f7000 	/System/Library/PrivateFrameworks/CoreNLP.framework/Versions/A/CoreNLP
0x00007fff5c99f000 	/System/Library/PrivateFrameworks/MetadataUtilities.framework/Versions/A/MetadataUtilities
0x00007fff6bdf4000 	/usr/lib/libmecabra.dylib
0x00007fff6bd4c000 	/usr/lib/libmecab.dylib
0x00007fff6b9ac000 	/usr/lib/libgermantok.dylib
0x00007fff6ac90000 	/usr/lib/libThaiTokenizer.dylib
0x00007fff6a6a1000 	/usr/lib/libChineseTokenizer.dylib
0x00007fff32858000 	/System/Library/Frameworks/Accelerate.framework/Versions/A/Frameworks/vImage.framework/Versions/A/vImage
0x00007fff33afa000 	/System/Library/Frameworks/Accelerate.framework/Versions/A/Frameworks/vecLib.framework/Versions/A/vecLib
0x00007fff33a3e000 	/System/Library/Frameworks/Accelerate.framework/Versions/A/Frameworks/vecLib.framework/Versions/A/libvMisc.dylib
0x00007fff33864000 	/System/Library/Frameworks/Accelerate.framework/Versions/A/Frameworks/vecLib.framework/Versions/A/libvDSP.dylib
0x00007fff32ec4000 	/System/Library/Frameworks/Accelerate.framework/Versions/A/Frameworks/vecLib.framework/Versions/A/libBLAS.dylib
0x00007fff3341e000 	/System/Library/Frameworks/Accelerate.framework/Versions/A/Frameworks/vecLib.framework/Versions/A/libLAPACK.dylib
0x00007fff337c4000 	/System/Library/Frameworks/Accelerate.framework/Versions/A/Frameworks/vecLib.framework/Versions/A/libLinearAlgebra.dylib
0x00007fff33851000 	/System/Library/Frameworks/Accelerate.framework/Versions/A/Frameworks/vecLib.framework/Versions/A/libSparseBLAS.dylib
0x00007fff337da000 	/System/Library/Frameworks/Accelerate.framework/Versions/A/Frameworks/vecLib.framework/Versions/A/libQuadrature.dylib
0x00007fff3312d000 	/System/Library/Frameworks/Accelerate.framework/Versions/A/Frameworks/vecLib.framework/Versions/A/libBNNS.dylib
0x00007fff337e0000 	/System/Library/Frameworks/Accelerate.framework/Versions/A/Frameworks/vecLib.framework/Versions/A/libSparse.dylib
0x00007fff5b44d000 	/System/Library/PrivateFrameworks/LanguageModeling.framework/Versions/A/LanguageModeling
0x00007fff4e19b000 	/System/Library/PrivateFrameworks/CoreEmoji.framework/Versions/A/CoreEmoji
0x00007fff5b56a000 	/System/Library/PrivateFrameworks/LinguisticData.framework/Versions/A/LinguisticData
0x00007fff5b51b000 	/System/Library/PrivateFrameworks/Lexicon.framework/Versions/A/Lexicon
0x00007fff6af47000 	/usr/lib/libcmph.dylib
0x00007fff3fcf2000 	/System/Library/Frameworks/OpenDirectory.framework/Versions/A/Frameworks/CFOpenDirectory.framework/Versions/A/CFOpenDirectory
0x00007fff3fd0f000 	/System/Library/Frameworks/OpenDirectory.framework/Versions/A/OpenDirectory
0x00007fff4806e000 	/System/Library/PrivateFrameworks/APFS.framework/Versions/A/APFS
0x00007fff433e1000 	/System/Library/Frameworks/SecurityFoundation.framework/Versions/A/SecurityFoundation
0x00007fff6cfd1000 	/usr/lib/libutil.dylib
0x00007fff4f471000 	/System/Library/PrivateFrameworks/CoreServicesStore.framework/Versions/A/CoreServicesStore
0x00007fff434c2000 	/System/Library/Frameworks/ServiceManagement.framework/Versions/A/ServiceManagement
0x00007fff4b451000 	/System/Library/PrivateFrameworks/BackgroundTaskManagement.framework/Versions/A/BackgroundTaskManagement
0x00007fff6d0ce000 	/usr/lib/libxslt.1.dylib
0x00007fff4a314000 	/System/Library/PrivateFrameworks/AppleSystemInfo.framework/Versions/A/AppleSystemInfo
0x00007fff39b71000 	/System/Library/Frameworks/ImageIO.framework/Versions/A/Resources/libJPEG.dylib
0x00007fff39e30000 	/System/Library/Frameworks/ImageIO.framework/Versions/A/Resources/libTIFF.dylib
0x00007fff39e13000 	/System/Library/Frameworks/ImageIO.framework/Versions/A/Resources/libPng.dylib
0x00007fff39ab2000 	/System/Library/Frameworks/ImageIO.framework/Versions/A/Resources/libGIF.dylib
0x00007fff39ab6000 	/System/Library/Frameworks/ImageIO.framework/Versions/A/Resources/libJP2.dylib
0x00007fff39e2e000 	/System/Library/Frameworks/ImageIO.framework/Versions/A/Resources/libRadiance.dylib
0x00007fff6b974000 	/usr/lib/libexpat.1.dylib
0x00007fff49e11000 	/System/Library/PrivateFrameworks/AppleJPEG.framework/Versions/A/AppleJPEG
0x00007fff52689000 	/System/Library/PrivateFrameworks/FontServices.framework/libFontParser.dylib
0x00007fff69354000 	/System/Library/PrivateFrameworks/WatchdogClient.framework/Versions/A/WatchdogClient
0x00007fff5aae0000 	/System/Library/PrivateFrameworks/IOAccelerator.framework/Versions/A/IOAccelerator
0x00007fff3c1db000 	/System/Library/Frameworks/MetalPerformanceShaders.framework/Versions/A/MetalPerformanceShaders
0x00007fff573d6000 	/System/Library/PrivateFrameworks/GPUWrangler.framework/Versions/A/GPUWrangler
0x00007fff5aaeb000 	/System/Library/PrivateFrameworks/IOPresentment.framework/Versions/A/IOPresentment
0x00007fff50149000 	/System/Library/PrivateFrameworks/DSExternalDisplay.framework/Versions/A/DSExternalDisplay
0x00007fff40678000 	/System/Library/Frameworks/OpenGL.framework/Versions/A/Libraries/libCoreFSCache.dylib
0x00007fff3bf2c000 	/System/Library/Frameworks/MetalPerformanceShaders.framework/Frameworks/MPSCore.framework/Versions/A/MPSCore
0x00007fff3bf69000 	/System/Library/Frameworks/MetalPerformanceShaders.framework/Frameworks/MPSImage.framework/Versions/A/MPSImage
0x00007fff3c02c000 	/System/Library/Frameworks/MetalPerformanceShaders.framework/Frameworks/MPSNeuralNetwork.framework/Versions/A/MPSNeuralNetwork
0x00007fff3bff0000 	/System/Library/Frameworks/MetalPerformanceShaders.framework/Frameworks/MPSMatrix.framework/Versions/A/MPSMatrix
0x00007fff3c18c000 	/System/Library/Frameworks/MetalPerformanceShaders.framework/Frameworks/MPSRayIntersector.framework/Versions/A/MPSRayIntersector
0x00007fff3c016000 	/System/Library/Frameworks/MetalPerformanceShaders.framework/Frameworks/MPSNDArray.framework/Versions/A/MPSNDArray
0x00007fff5c9ec000 	/System/Library/PrivateFrameworks/MetalTools.framework/Versions/A/MetalTools
0x00007fff4914d000 	/System/Library/PrivateFrameworks/AggregateDictionary.framework/Versions/A/AggregateDictionary
0x00007fff4dc32000 	/System/Library/PrivateFrameworks/CoreAnalytics.framework/Versions/A/CoreAnalytics
0x00007fff4a232000 	/System/Library/PrivateFrameworks/AppleSauce.framework/Versions/A/AppleSauce
0x00007fff6a95c000 	/usr/lib/libIOReport.dylib
0x00007fff38a6a000 	/System/Library/Frameworks/CoreVideo.framework/Versions/A/CoreVideo
0x00007fff587c3000 	/System/Library/PrivateFrameworks/GraphVisualizer.framework/Versions/A/GraphVisualizer
0x00007fff51c0b000 	/System/Library/PrivateFrameworks/FaceCore.framework/Versions/A/FaceCore
0x00007fff3fc99000 	/System/Library/Frameworks/OpenCL.framework/Versions/A/OpenCL
0x00007fff6a77e000 	/usr/lib/libFosl_dynamic.dylib
0x00007fff5de04000 	/System/Library/PrivateFrameworks/OTSVG.framework/Versions/A/OTSVG
0x00007fff34ba0000 	/System/Library/Frameworks/ApplicationServices.framework/Versions/A/Frameworks/ATS.framework/Versions/A/Resources/libFontRegistry.dylib
0x00007fff5285a000 	/System/Library/PrivateFrameworks/FontServices.framework/libhvf.dylib
0x00007fff40683000 	/System/Library/Frameworks/OpenGL.framework/Versions/A/Libraries/libGFXShared.dylib
0x00007fff40860000 	/System/Library/Frameworks/OpenGL.framework/Versions/A/Libraries/libGLU.dylib
0x00007fff4068c000 	/System/Library/Frameworks/OpenGL.framework/Versions/A/Libraries/libGL.dylib
0x00007fff40697000 	/System/Library/Frameworks/OpenGL.framework/Versions/A/Libraries/libGLImage.dylib
0x00007fff40675000 	/System/Library/Frameworks/OpenGL.framework/Versions/A/Libraries/libCVMSPluginSupport.dylib
0x00007fff4067e000 	/System/Library/Frameworks/OpenGL.framework/Versions/A/Libraries/libCoreVMClient.dylib
0x00007fff6c3b4000 	/usr/lib/libncurses.5.4.dylib
0x00007fff34a9c000 	/System/Library/Frameworks/ApplicationServices.framework/Versions/A/Frameworks/ATS.framework/Versions/A/ATS
0x00007fff34c69000 	/System/Library/Frameworks/ApplicationServices.framework/Versions/A/Frameworks/ColorSyncLegacy.framework/Versions/A/ColorSyncLegacy
0x00007fff34d08000 	/System/Library/Frameworks/ApplicationServices.framework/Versions/A/Frameworks/HIServices.framework/Versions/A/HIServices
0x00007fff34d5f000 	/System/Library/Frameworks/ApplicationServices.framework/Versions/A/Frameworks/LangAnalysis.framework/Versions/A/LangAnalysis
0x00007fff34d6e000 	/System/Library/Frameworks/ApplicationServices.framework/Versions/A/Frameworks/PrintCore.framework/Versions/A/PrintCore
0x00007fff34db4000 	/System/Library/Frameworks/ApplicationServices.framework/Versions/A/Frameworks/QD.framework/Versions/A/QD
0x00007fff34dbf000 	/System/Library/Frameworks/ApplicationServices.framework/Versions/A/Frameworks/SpeechSynthesis.framework/Versions/A/SpeechSynthesis
0x00007fff34c39000 	/System/Library/Frameworks/ApplicationServices.framework/Versions/A/Frameworks/ATSUI.framework/Versions/A/ATSUI
0x00007fff6b808000 	/usr/lib/libcups.2.dylib
0x00007fff3b294000 	/System/Library/Frameworks/Kerberos.framework/Versions/A/Kerberos
0x00007fff39549000 	/System/Library/Frameworks/GSS.framework/Versions/A/GSS
0x00007fff6cb22000 	/usr/lib/libresolv.9.dylib
0x00007fff58964000 	/System/Library/PrivateFrameworks/Heimdal.framework/Versions/A/Heimdal
0x00007fff3b2a7000 	/System/Library/Frameworks/Kerberos.framework/Versions/A/Libraries/libHeimdalProxy.dylib
0x00007fff6b9b2000 	/usr/lib/libheimdal-asn1.dylib
0x00007fff4d0f8000 	/System/Library/PrivateFrameworks/CommonAuth.framework/Versions/A/CommonAuth
0x00007fff4a3b1000 	/System/Library/PrivateFrameworks/AssertionServices.framework/Versions/A/AssertionServices
0x00007fff4af47000 	/System/Library/PrivateFrameworks/AudioToolboxCore.framework/Versions/A/AudioToolboxCore
0x00007fff69fac000 	/System/Library/PrivateFrameworks/caulk.framework/Versions/A/caulk
0x00007fff4b4fd000 	/System/Library/PrivateFrameworks/BaseBoard.framework/Versions/A/BaseBoard
0x00007fff61edc000 	/System/Library/PrivateFrameworks/RunningBoardServices.framework/Versions/A/RunningBoardServices
0x00007fff5efcf000 	/System/Library/PrivateFrameworks/PersistentConnection.framework/Versions/A/PersistentConnection
0x00007fff618e9000 	/System/Library/PrivateFrameworks/ProtocolBuffer.framework/Versions/A/ProtocolBuffer
0x00007fff4d115000 	/System/Library/PrivateFrameworks/CommonUtilities.framework/Versions/A/CommonUtilities
0x00007fff4b67c000 	/System/Library/PrivateFrameworks/Bom.framework/Versions/A/Bom
0x00007fff6a62d000 	/usr/lib/libAudioToolboxUtility.dylib
0x00007fff4b45b000 	/System/Library/PrivateFrameworks/Backup.framework/Versions/A/Backup
0x00007fff4feb8000 	/System/Library/PrivateFrameworks/CrashReporterSupport.framework/Versions/A/CrashReporterSupport
0x00007fff63965000 	/System/Library/PrivateFrameworks/Sharing.framework/Versions/A/Sharing
0x00007fff49b5e000 	/System/Library/PrivateFrameworks/Apple80211.framework/Versions/A/Apple80211
0x00007fff4b183000 	/System/Library/PrivateFrameworks/AuthKit.framework/Versions/A/AuthKit
0x00007fff4fbe6000 	/System/Library/PrivateFrameworks/CoreUtils.framework/Versions/A/CoreUtils
0x00007fff38aaf000 	/System/Library/Frameworks/CoreWLAN.framework/Versions/A/CoreWLAN
0x00007fff396b2000 	/System/Library/Frameworks/IOBluetooth.framework/Versions/A/IOBluetooth
0x00007fff5ccea000 	/System/Library/PrivateFrameworks/MobileKeyBag.framework/Versions/A/MobileKeyBag
0x00007fff4ecc7000 	/System/Library/PrivateFrameworks/CorePhoneNumbers.framework/Versions/A/CorePhoneNumbers
0x00007fff49dc4000 	/System/Library/PrivateFrameworks/AppleIDAuthSupport.framework/Versions/A/AppleIDAuthSupport
0x00007fff3d12f000 	/System/Library/Frameworks/Network.framework/Versions/A/Network
0x00007fff5b2d6000 	/System/Library/PrivateFrameworks/KeychainCircle.framework/Versions/A/KeychainCircle
0x00007fff3653c000 	/System/Library/Frameworks/CoreBluetooth.framework/Versions/A/CoreBluetooth
0x00007fff655bf000 	/System/Library/PrivateFrameworks/SpeechRecognitionCore.framework/Versions/A/SpeechRecognitionCore
0x0000000104dad000 	/Library/Java/JavaVirtualMachines/jdk1.8.0_221.jdk/Contents/Home/jre/lib/server/libjvm.dylib
0x00007fff6cea6000 	/usr/lib/libstdc++.6.dylib
0x0000000103f50000 	/Library/Java/JavaVirtualMachines/jdk1.8.0_221.jdk/Contents/Home/jre/lib/libverify.dylib
0x0000000103f5e000 	/Library/Java/JavaVirtualMachines/jdk1.8.0_221.jdk/Contents/Home/jre/lib/libjava.dylib
0x0000000103f95000 	/Library/Java/JavaVirtualMachines/jdk1.8.0_221.jdk/Contents/Home/jre/lib/libjdwp.dylib
0x0000000103fe0000 	/Library/Java/JavaVirtualMachines/jdk1.8.0_221.jdk/Contents/Home/jre/lib/libnpt.dylib
0x0000000104800000 	/Library/Java/JavaVirtualMachines/jdk1.8.0_221.jdk/Contents/Home/jre/lib/libinstrument.dylib
0x0000000103fee000 	/Library/Java/JavaVirtualMachines/jdk1.8.0_221.jdk/Contents/Home/jre/lib/libzip.dylib
0x000000011cebe000 	/Library/Java/JavaVirtualMachines/jdk1.8.0_221.jdk/Contents/Home/jre/lib/libdt_socket.dylib

VM Arguments:
jvm_args: -agentlib:jdwp=transport=dt_socket,suspend=y,address=localhost:60316 -javaagent:/Users/newowner/eclipse/java-2019-06/Eclipse.app/Contents/Eclipse/configuration/org.eclipse.osgi/219/0/.cp/lib/javaagent-shaded.jar -Dfile.encoding=UTF-8 
java_command: com.class12_String_Manupilation.Wednesday
java_class_path (initial): /Users/newowner/eclipse-workspace/JavaClasses/bin:/Users/newowner/eclipse/java-2019-06/Eclipse.app/Contents/Eclipse/configuration/org.eclipse.osgi/219/0/.cp/lib/javaagent-shaded.jar
Launcher Type: SUN_STANDARD

Environment Variables:
PATH=/usr/bin:/bin:/usr/sbin:/sbin
SHELL=/bin/bash

Signal Handlers:
SIGSEGV: [libjvm.dylib+0x5b71a7], sa_mask[0]=11111111011111110111111111111111, sa_flags=SA_ONSTACK|SA_RESTART|SA_SIGINFO
SIGBUS: [libjvm.dylib+0x5b71a7], sa_mask[0]=11111111011111110111111111111111, sa_flags=SA_RESTART|SA_SIGINFO
SIGFPE: [libjvm.dylib+0x48c8fc], sa_mask[0]=11111111011111110111111111111111, sa_flags=SA_RESTART|SA_SIGINFO
SIGPIPE: [libjvm.dylib+0x48c8fc], sa_mask[0]=11111111011111110111111111111111, sa_flags=SA_RESTART|SA_SIGINFO
SIGXFSZ: [libjvm.dylib+0x48c8fc], sa_mask[0]=11111111011111110111111111111111, sa_flags=SA_RESTART|SA_SIGINFO
SIGILL: [libjvm.dylib+0x48c8fc], sa_mask[0]=11111111011111110111111111111111, sa_flags=SA_RESTART|SA_SIGINFO
SIGUSR1: SIG_DFL, sa_mask[0]=00000000000000000000000000000000, sa_flags=none
SIGUSR2: [libjvm.dylib+0x48c41a], sa_mask[0]=00100000000000000000000000000000, sa_flags=SA_RESTART|SA_SIGINFO
SIGHUP: [libjvm.dylib+0x48a9a5], sa_mask[0]=11111111011111110111111111111111, sa_flags=SA_RESTART|SA_SIGINFO
SIGINT: [libjvm.dylib+0x48a9a5], sa_mask[0]=11111111011111110111111111111111, sa_flags=SA_RESTART|SA_SIGINFO
SIGTERM: [libjvm.dylib+0x48a9a5], sa_mask[0]=11111111011111110111111111111111, sa_flags=SA_RESTART|SA_SIGINFO
SIGQUIT: [libjvm.dylib+0x48a9a5], sa_mask[0]=11111111011111110111111111111111, sa_flags=SA_RESTART|SA_SIGINFO


---------------  S Y S T E M  ---------------

OS:Bsduname:Darwin 19.0.0 Darwin Kernel Version 19.0.0: Wed Sep 25 20:18:50 PDT 2019; root:xnu-6153.11.26~2/RELEASE_X86_64 x86_64
rlimit: STACK 8192k, CORE 0k, NPROC 1392, NOFILE 10240, AS infinity
load average:1.98 1.91 1.71

CPU:total 4 (initial active 4) (2 cores per cpu, 2 threads per core) family 6 model 61 stepping 4, cmov, cx8, fxsr, mmx, sse, sse2, sse3, ssse3, sse4.1, sse4.2, popcnt, avx, avx2, aes, clmul, erms, 3dnowpref, lzcnt, ht, tsc, tscinvbit, bmi1, bmi2, adx

Memory: 4k page, physical 8388608k(29572k free)

/proc/meminfo:


vm_info: Java HotSpot(TM) 64-Bit Server VM (25.221-b11) for bsd-amd64 JRE (1.8.0_221-b11), built on Jul  4 2019 04:36:22 by "java_re" with gcc 4.2.1 (Based on Apple Inc. build 5658) (LLVM build 2336.11.00)

time: Wed Nov  6 21:38:37 2019
timezone: CST
elapsed time: 439 seconds (0d 0h 7m 19s)

